<?xml version="1.0" encoding="UTF-8"?>
<testng-results ignored="0" total="9" passed="9" failed="0" skipped="0">
  <reporter-output>
  </reporter-output>
  <suite started-at="2024-10-14T14:38:48 IST" name="Suite" finished-at="2024-10-14T14:38:48 IST" duration-ms="143">
    <groups>
    </groups>
    <test started-at="2024-10-14T14:38:48 IST" name="Test" finished-at="2024-10-14T14:38:48 IST" duration-ms="143">
      <class name="Experiment.Annotations">
        <test-method is-config="true" signature="beforeSuite()[pri:0, instance:Experiment.Annotations@4be29ed9]" started-at="2024-10-14T14:38:48 IST" name="beforeSuite" finished-at="2024-10-14T14:38:48 IST" duration-ms="12" status="PASS">
          <reporter-output>
          </reporter-output>
        </test-method> <!-- beforeSuite -->
        <test-method is-config="true" signature="beforeTest()[pri:0, instance:Experiment.Annotations@4be29ed9]" started-at="2024-10-14T14:38:48 IST" name="beforeTest" finished-at="2024-10-14T14:38:48 IST" duration-ms="0" status="PASS">
          <reporter-output>
          </reporter-output>
        </test-method> <!-- beforeTest -->
        <test-method is-config="true" signature="beforeClass()[pri:0, instance:Experiment.Annotations@4be29ed9]" started-at="2024-10-14T14:38:48 IST" name="beforeClass" finished-at="2024-10-14T14:38:48 IST" duration-ms="0" status="PASS">
          <reporter-output>
          </reporter-output>
        </test-method> <!-- beforeClass -->
        <test-method is-config="true" signature="beforeMethod()[pri:0, instance:Experiment.Annotations@4be29ed9]" started-at="2024-10-14T14:38:48 IST" name="beforeMethod" finished-at="2024-10-14T14:38:48 IST" duration-ms="0" status="PASS">
          <reporter-output>
          </reporter-output>
        </test-method> <!-- beforeMethod -->
        <test-method signature="test1()[pri:1, instance:Experiment.Annotations@4be29ed9]" started-at="2024-10-14T14:38:48 IST" name="test1" finished-at="2024-10-14T14:38:48 IST" duration-ms="8" status="PASS">
          <reporter-output>
          </reporter-output>
        </test-method> <!-- test1 -->
        <test-method is-config="true" signature="afterMethod()[pri:0, instance:Experiment.Annotations@4be29ed9]" started-at="2024-10-14T14:38:48 IST" name="afterMethod" finished-at="2024-10-14T14:38:48 IST" duration-ms="1" status="PASS">
          <reporter-output>
          </reporter-output>
        </test-method> <!-- afterMethod -->
        <test-method is-config="true" signature="beforeMethod()[pri:0, instance:Experiment.Annotations@4be29ed9]" started-at="2024-10-14T14:38:48 IST" name="beforeMethod" finished-at="2024-10-14T14:38:48 IST" duration-ms="1" status="PASS">
          <reporter-output>
          </reporter-output>
        </test-method> <!-- beforeMethod -->
        <test-method signature="test2()[pri:2, instance:Experiment.Annotations@4be29ed9]" started-at="2024-10-14T14:38:48 IST" name="test2" finished-at="2024-10-14T14:38:48 IST" duration-ms="3" status="PASS">
          <reporter-output>
          </reporter-output>
        </test-method> <!-- test2 -->
        <test-method is-config="true" signature="afterMethod()[pri:0, instance:Experiment.Annotations@4be29ed9]" started-at="2024-10-14T14:38:48 IST" name="afterMethod" finished-at="2024-10-14T14:38:48 IST" duration-ms="3" status="PASS">
          <reporter-output>
          </reporter-output>
        </test-method> <!-- afterMethod -->
        <test-method is-config="true" signature="beforeMethod()[pri:0, instance:Experiment.Annotations@4be29ed9]" started-at="2024-10-14T14:38:48 IST" name="beforeMethod" finished-at="2024-10-14T14:38:48 IST" duration-ms="1" status="PASS">
          <reporter-output>
          </reporter-output>
        </test-method> <!-- beforeMethod -->
        <test-method signature="test3()[pri:3, instance:Experiment.Annotations@4be29ed9]" started-at="2024-10-14T14:38:48 IST" name="test3" finished-at="2024-10-14T14:38:48 IST" duration-ms="1" status="PASS">
          <reporter-output>
          </reporter-output>
        </test-method> <!-- test3 -->
        <test-method is-config="true" signature="afterMethod()[pri:0, instance:Experiment.Annotations@4be29ed9]" started-at="2024-10-14T14:38:48 IST" name="afterMethod" finished-at="2024-10-14T14:38:48 IST" duration-ms="0" status="PASS">
          <reporter-output>
          </reporter-output>
        </test-method> <!-- afterMethod -->
        <test-method is-config="true" signature="afterClass()[pri:0, instance:Experiment.Annotations@4be29ed9]" started-at="2024-10-14T14:38:48 IST" name="afterClass" finished-at="2024-10-14T14:38:48 IST" duration-ms="0" status="PASS">
          <reporter-output>
          </reporter-output>
        </test-method> <!-- afterClass -->
        <test-method is-config="true" signature="afterTest()[pri:0, instance:Experiment.Annotations@4be29ed9]" started-at="2024-10-14T14:38:48 IST" name="afterTest" finished-at="2024-10-14T14:38:48 IST" duration-ms="2" status="PASS">
          <reporter-output>
          </reporter-output>
        </test-method> <!-- afterTest -->
        <test-method is-config="true" signature="afterSuite()[pri:0, instance:Experiment.Annotations@4be29ed9]" started-at="2024-10-14T14:38:48 IST" name="afterSuite" finished-at="2024-10-14T14:38:48 IST" duration-ms="1" status="PASS">
          <reporter-output>
          </reporter-output>
        </test-method> <!-- afterSuite -->
      </class> <!-- Experiment.Annotations -->
      <class name="Experiment.TestMethod01">
        <test-method signature="test1()[pri:0, instance:Experiment.TestMethod01@712625fd]" started-at="2024-10-14T14:38:48 IST" name="test1" finished-at="2024-10-14T14:38:48 IST" duration-ms="3" status="PASS">
          <reporter-output>
          </reporter-output>
        </test-method> <!-- test1 -->
        <test-method signature="test2()[pri:0, instance:Experiment.TestMethod01@712625fd]" started-at="2024-10-14T14:38:48 IST" name="test2" finished-at="2024-10-14T14:38:48 IST" duration-ms="6" status="PASS">
          <reporter-output>
          </reporter-output>
        </test-method> <!-- test2 -->
        <test-method signature="test3()[pri:0, instance:Experiment.TestMethod01@712625fd]" started-at="2024-10-14T14:38:48 IST" name="test3" finished-at="2024-10-14T14:38:48 IST" duration-ms="3" status="PASS">
          <reporter-output>
          </reporter-output>
        </test-method> <!-- test3 -->
      </class> <!-- Experiment.TestMethod01 -->
      <class name="Experiment.TestMethod2">
        <test-method signature="test4()[pri:0, instance:Experiment.TestMethod2@7bba5817]" started-at="2024-10-14T14:38:48 IST" name="test4" finished-at="2024-10-14T14:38:48 IST" duration-ms="3" status="PASS">
          <reporter-output>
          </reporter-output>
        </test-method> <!-- test4 -->
        <test-method signature="test5()[pri:0, instance:Experiment.TestMethod2@7bba5817]" started-at="2024-10-14T14:38:48 IST" name="test5" finished-at="2024-10-14T14:38:48 IST" duration-ms="4" status="PASS">
          <reporter-output>
          </reporter-output>
        </test-method> <!-- test5 -->
        <test-method signature="test6()[pri:0, instance:Experiment.TestMethod2@7bba5817]" started-at="2024-10-14T14:38:48 IST" name="test6" finished-at="2024-10-14T14:38:48 IST" duration-ms="2" status="PASS">
          <reporter-output>
          </reporter-output>
        </test-method> <!-- test6 -->
      </class> <!-- Experiment.TestMethod2 -->
    </test> <!-- Test -->
  </suite> <!-- Suite -->
</testng-results>
