<?xml version="1.0" encoding="UTF-8"?>
<!-- Generated by org.testng.reporters.JUnitXMLReporter -->
<testsuite ignored="0" hostname="AIPLLAP312" failures="0" tests="9" name="Test" time="0.143" errors="0" timestamp="2024-10-14T14:38:48 IST">
  <testcase classname="Experiment.Annotations" name="test1" time="0.008"/>
  <testcase classname="Experiment.Annotations" name="test2" time="0.003"/>
  <testcase classname="Experiment.Annotations" name="test3" time="0.001"/>
  <testcase classname="Experiment.TestMethod01" name="test1" time="0.003"/>
  <testcase classname="Experiment.TestMethod01" name="test2" time="0.006"/>
  <testcase classname="Experiment.TestMethod01" name="test3" time="0.003"/>
  <testcase classname="Experiment.TestMethod2" name="test4" time="0.003"/>
  <testcase classname="Experiment.TestMethod2" name="test5" time="0.004"/>
  <testcase classname="Experiment.TestMethod2" name="test6" time="0.002"/>
</testsuite> <!-- Test -->
