<?xml version="1.0" encoding="UTF-8"?>
<testng-results ignored="0" total="1" passed="1" failed="0" skipped="0">
  <reporter-output>
  </reporter-output>
  <suite started-at="2024-10-14T12:01:20 IST" name="Default suite" finished-at="2024-10-14T12:01:42 IST" duration-ms="21724">
    <groups>
    </groups>
    <test started-at="2024-10-14T12:01:20 IST" name="Default test" finished-at="2024-10-14T12:01:42 IST" duration-ms="21724">
      <class name="com.mypractice.qa.testcase.RegisterTest">
        <test-method is-config="true" signature="setUp()[pri:0, instance:com.mypractice.qa.testcase.RegisterTest@4145bad8]" started-at="2024-10-14T12:01:20 IST" name="setUp" finished-at="2024-10-14T12:01:32 IST" duration-ms="11843" status="PASS">
          <reporter-output>
          </reporter-output>
        </test-method> <!-- setUp -->
        <test-method signature="secondUserRegistration()[pri:2, instance:com.mypractice.qa.testcase.RegisterTest@4145bad8]" started-at="2024-10-14T12:01:32 IST" name="secondUserRegistration" finished-at="2024-10-14T12:01:40 IST" duration-ms="8223" status="PASS">
          <reporter-output>
          </reporter-output>
        </test-method> <!-- secondUserRegistration -->
        <test-method is-config="true" signature="tearDown()[pri:0, instance:com.mypractice.qa.testcase.RegisterTest@4145bad8]" started-at="2024-10-14T12:01:40 IST" name="tearDown" finished-at="2024-10-14T12:01:42 IST" duration-ms="1608" status="PASS">
          <reporter-output>
          </reporter-output>
        </test-method> <!-- tearDown -->
      </class> <!-- com.mypractice.qa.testcase.RegisterTest -->
    </test> <!-- Default test -->
  </suite> <!-- Default suite -->
</testng-results>
