<?xml version="1.0" encoding="UTF-8"?>
<!-- Generated by org.testng.reporters.JUnitXMLReporter -->
<testsuite ignored="1" hostname="AIPLLAP312" failures="0" tests="1" name="Default test" time="21.724" errors="0" timestamp="2024-10-14T12:01:42 IST">
  <testcase classname="com.mypractice.qa.testcase.RegisterTest" name="secondUserRegistration" time="8.223"/>
  <testcase classname="com.mypractice.qa.testcase.RegisterTest" name="firstUserRegistration" time="0.0">
    <ignored/>
  </testcase> <!-- firstUserRegistration -->
</testsuite> <!-- Default test -->
