<?xml version="1.0" encoding="UTF-8"?>
<!-- Generated by org.testng.reporters.JUnitXMLReporter -->
<testsuite ignored="0" hostname="AIPLLAP312" failures="0" tests="3" name="Default test" time="0.083" errors="0" timestamp="2024-10-14T14:15:12 IST">
  <testcase classname="Experiment.Annotations" name="test1" time="0.005"/>
  <testcase classname="Experiment.Annotations" name="test2" time="0.003"/>
  <testcase classname="Experiment.Annotations" name="test3" time="0.001"/>
</testsuite> <!-- Default test -->
